<?xml version="1.0" encoding="UTF-8"?>
<!-- Generated by org.testng.reporters.JUnitXMLReporter -->
<testsuite ignored="0" hostname="BIKASHS-WIN10" failures="0" tests="6" name="Test" time="0.068" errors="0" timestamp="2025-02-13T19:29:48 IST">
  <testcase classname="com.bksoft.testngpractice.Test1" name="test1" time="0.005"/>
  <testcase classname="com.bksoft.testngpractice.Test1" name="test2" time="0.002"/>
  <testcase classname="com.bksoft.testngpractice.Test1" name="test3" time="0.001"/>
  <testcase classname="com.bksoft.testngpractice.Test2" name="test1" time="0.001"/>
  <testcase classname="com.bksoft.testngpractice.Test2" name="test2" time="0.001"/>
  <testcase classname="com.bksoft.testngpractice.Test2" name="test3" time="0.001"/>
</testsuite> <!-- Test -->
