<?xml version="1.0" encoding="UTF-8"?>
<testng-results ignored="0" total="1" passed="1" failed="0" skipped="0">
  <reporter-output>
  </reporter-output>
  <suite started-at="2025-02-14T15:32:04 IST" name="Suite" finished-at="2025-02-14T15:32:10 IST" duration-ms="5993">
    <groups>
    </groups>
    <test started-at="2025-02-14T15:32:04 IST" name="Test" finished-at="2025-02-14T15:32:10 IST" duration-ms="5993">
      <class name="com.bksoft.utilities.FluentWaitTest">
        <test-method signature="clickAndWait(java.lang.String)[pri:0, instance:com.bksoft.utilities.FluentWaitTest@72f926e6]" started-at="2025-02-14T15:32:04 IST" name="clickAndWait" finished-at="2025-02-14T15:32:10 IST" duration-ms="5949" status="PASS">
          <params>
            <param index="0">
              <value>
                <![CDATA[http://the-internet.herokuapp.com/dynamic_controls]]>
              </value>
            </param>
          </params>
          <reporter-output>
          </reporter-output>
        </test-method> <!-- clickAndWait -->
      </class> <!-- com.bksoft.utilities.FluentWaitTest -->
    </test> <!-- Test -->
  </suite> <!-- Suite -->
</testng-results>
