<?xml version="1.0" encoding="UTF-8"?>
<testng-results ignored="0" total="1" passed="1" failed="0" skipped="0">
  <reporter-output>
  </reporter-output>
  <suite started-at="2025-02-17T12:55:07 IST" name="Default suite" finished-at="2025-02-17T12:55:14 IST" duration-ms="7185">
    <groups>
    </groups>
    <test started-at="2025-02-17T12:55:07 IST" name="Default test" finished-at="2025-02-17T12:55:14 IST" duration-ms="7185">
      <class name="ArrayListImplementation">
        <test-method is-config="true" signature="init()[pri:0, instance:ArrayListImplementation@233795b6]" started-at="2025-02-17T12:55:07 IST" name="init" finished-at="2025-02-17T12:55:11 IST" duration-ms="4557" status="PASS">
          <reporter-output>
          </reporter-output>
        </test-method> <!-- init -->
        <test-method signature="storeTheElements()[pri:0, instance:ArrayListImplementation@233795b6]" started-at="2025-02-17T12:55:11 IST" name="storeTheElements" finished-at="2025-02-17T12:55:14 IST" duration-ms="2580" status="PASS">
          <reporter-output>
          </reporter-output>
        </test-method> <!-- storeTheElements -->
      </class> <!-- ArrayListImplementation -->
    </test> <!-- Default test -->
  </suite> <!-- Default suite -->
</testng-results>
